<?xml version="1.0" encoding="UTF-8"?>
<!-- Generated by org.testng.reporters.JUnitXMLReporter -->
<testsuite ignored="0" hostname="DESKTOP-NTJAQHN" failures="0" tests="5" name="Default test" time="34.287" errors="0" timestamp="2023-02-24T23:08:50 EET">
  <testcase classname="DemoBlazeTests.QPros.AppTest" name="registerAndLogin" time="15.919"/>
  <testcase classname="DemoBlazeTests.QPros.AppTest" name="testCheckCategoryItems" time="0.043"/>
  <testcase classname="DemoBlazeTests.QPros.AppTest" name="addRandomItemToCart" time="6.47"/>
  <testcase classname="DemoBlazeTests.QPros.AppTest" name="RemoveItemFromCart" time="3.244"/>
  <testcase classname="DemoBlazeTests.QPros.AppTest" name="PlceOrder" time="5.828"/>
</testsuite> <!-- Default test -->
